0.000000e+00 1.000000e+00 0.000000e+00 0.000000e+00 6.283000e+00
1.000000e-02 9.980261e-01 6.283000e-02 -3.942005e-01 6.270616e+00
2.000000e-02 9.921141e-01 1.254121e-01 -7.868404e-01 6.233490e+00
3.000000e-02 9.822874e-01 1.874995e-01 -1.176364e+00 6.171769e+00
4.000000e-02 9.685849e-01 2.488471e-01 -1.561228e+00 6.085700e+00
5.000000e-02 9.510609e-01 3.092129e-01 -1.939909e+00 5.975626e+00
6.000000e-02 9.297849e-01 3.683590e-01 -2.310907e+00 5.841988e+00
7.000000e-02 9.048410e-01 4.260519e-01 -2.672754e+00 5.685318e+00
8.000000e-02 8.763281e-01 4.820644e-01 -3.024019e+00 5.506241e+00
9.000000e-02 8.443590e-01 5.361758e-01 -3.363314e+00 5.305473e+00
1.000000e-01 8.090602e-01 5.881728e-01 -3.689300e+00 5.083813e+00
1.100000e-01 7.705714e-01 6.378509e-01 -4.000690e+00 4.842144e+00
1.200000e-01 7.290449e-01 6.850144e-01 -4.296259e+00 4.581429e+00
1.300000e-01 6.846449e-01 7.294781e-01 -4.574841e+00 4.302705e+00
1.400000e-01 6.375468e-01 7.710671e-01 -4.835344e+00 4.007081e+00
1.500000e-01 5.879368e-01 8.096182e-01 -5.076744e+00 3.695732e+00
1.600000e-01 5.360108e-01 8.449801e-01 -5.298097e+00 3.369893e+00
1.700000e-01 4.819739e-01 8.770144e-01 -5.498537e+00 3.030858e+00
1.800000e-01 4.260392e-01 9.055956e-01 -5.677284e+00 2.679970e+00
1.900000e-01 3.684274e-01 9.306120e-01 -5.833642e+00 2.318619e+00
2.000000e-01 3.093657e-01 9.519661e-01 -5.967006e+00 1.948235e+00
2.100000e-01 2.490868e-01 9.695749e-01 -6.076862e+00 1.570280e+00
2.200000e-01 1.878280e-01 9.833699e-01 -6.162791e+00 1.186249e+00
2.300000e-01 1.258306e-01 9.932979e-01 -6.224465e+00 7.976542e-01
2.400000e-01 6.333852e-02 9.993210e-01 -6.261656e+00 4.060283e-01
2.500000e-01 5.974220e-04 1.001417e+00 -6.274231e+00 1.291235e-02
2.600000e-01 -6.214606e-02 9.995773e-01 -6.262153e+00 -3.801481e-01
2.700000e-01 -1.246455e-01 9.938117e-01 -6.225483e+00 -7.716094e-01
2.800000e-01 -1.866554e-01 9.841432e-01 -6.164378e+00 -1.159936e+00
2.900000e-01 -2.479326e-01 9.706111e-01 -6.079092e+00 -1.543605e+00
3.000000e-01 -3.082368e-01 9.532693e-01 -5.969971e+00 -1.921115e+00
3.100000e-01 -3.673314e-01 9.321869e-01 -5.837456e+00 -2.290990e+00
3.200000e-01 -4.249851e-01 9.074477e-01 -5.682078e+00 -2.651785e+00
3.300000e-01 -4.809721e-01 8.791495e-01 -5.504456e+00 -3.002092e+00
3.400000e-01 -5.350733e-01 8.474042e-01 -5.305296e+00 -3.340545e+00
3.500000e-01 -5.870770e-01 8.123370e-01 -5.085389e+00 -3.665825e+00
3.600000e-01 -6.367799e-01 7.740862e-01 -4.845603e+00 -3.976668e+00
3.700000e-01 -6.839878e-01 7.328022e-01 -4.586883e+00 -4.271864e+00
3.800000e-01 -7.285162e-01 6.886475e-01 -4.310249e+00 -4.550267e+00
3.900000e-01 -7.701913e-01 6.417956e-01 -4.016788e+00 -4.810796e+00
4.000000e-01 -8.088504e-01 5.924304e-01 -3.707651e+00 -5.052442e+00
4.100000e-01 -8.443427e-01 5.407456e-01 -3.384050e+00 -5.274268e+00
4.200000e-01 -8.765298e-01 4.869440e-01 -3.047253e+00 -5.475414e+00
4.300000e-01 -9.052861e-01 4.312365e-01 -2.698576e+00 -5.655103e+00
4.400000e-01 -9.304996e-01 3.738412e-01 -2.339382e+00 -5.812639e+00
4.500000e-01 -9.520719e-01 3.149830e-01 -1.971073e+00 -5.947415e+00
4.600000e-01 -9.699192e-01 2.548923e-01 -1.595087e+00 -6.058908e+00
4.700000e-01 -9.839718e-01 1.938044e-01 -1.212890e+00 -6.146689e+00
4.800000e-01 -9.941751e-01 1.319582e-01 -8.259715e-01 -6.210419e+00
4.900000e-01 -1.000489e+00 6.959583e-02 -4.358395e-01 -6.249853e+00
5.000000e-01 -1.002890e+00 6.961112e-03 -4.401388e-02 -6.264838e+00
5.100000e-01 -1.001368e+00 -5.570089e-02 3.479792e-01 -6.255317e+00
5.200000e-01 -9.959284e-01 -1.181451e-01 7.386130e-01 -6.221328e+00
5.300000e-01 -9.865935e-01 -1.801272e-01 1.126366e+00 -6.163003e+00
5.400000e-01 -9.733992e-01 -2.414047e-01 1.509727e+00 -6.080566e+00
5.500000e-01 -9.563971e-01 -3.017380e-01 1.887203e+00 -5.974338e+00
5.600000e-01 -9.356533e-01 -3.608908e-01 2.257323e+00 -5.844728e+00
5.700000e-01 -9.112489e-01 -4.186318e-01 2.618641e+00 -5.692239e+00
5.800000e-01 -8.832788e-01 -4.747348e-01 2.969750e+00 -5.517461e+00
5.900000e-01 -8.518522e-01 -5.289800e-01 3.309278e+00 -5.321069e+00
6.000000e-01 -8.170916e-01 -5.811551e-01 3.635897e+00 -5.103826e+00
6.100000e-01 -7.791327e-01 -6.310554e-01 3.948331e+00 -4.866571e+00
6.200000e-01 -7.381235e-01 -6.784852e-01 4.245357e+00 -4.610225e+00
6.300000e-01 -6.942242e-01 -7.232585e-01 4.525809e+00 -4.335782e+00
6.400000e-01 -6.476061e-01 -7.651994e-01 4.788586e+00 -4.044307e+00
6.500000e-01 -5.984513e-01 -8.041431e-01 5.032657e+00 -3.736933e+00
6.600000e-01 -5.469519e-01 -8.399365e-01 5.257059e+00 -3.414854e+00
6.700000e-01 -4.933091e-01 -8.724386e-01 5.460907e+00 -3.079322e+00
6.800000e-01 -4.377328e-01 -9.015212e-01 5.643395e+00 -2.731645e+00
6.900000e-01 -3.804404e-01 -9.270697e-01 5.803799e+00 -2.373177e+00
7.000000e-01 -3.216562e-01 -9.489829e-01 5.941480e+00 -2.005316e+00
7.100000e-01 -2.616103e-01 -9.671742e-01 6.055890e+00 -1.629499e+00
7.200000e-01 -2.005380e-01 -9.815710e-01 6.146566e+00 -1.247194e+00
7.300000e-01 -1.386787e-01 -9.921161e-01 6.213143e+00 -8.598964e-01
7.400000e-01 -7.627492e-02 -9.987670e-01 6.255347e+00 -4.691236e-01
7.500000e-01 -1.357165e-02 -1.001497e+00 6.272998e+00 -7.640726e-02
7.600000e-01 4.918499e-02 -1.000293e+00 6.266017e+00 3.167117e-01
7.700000e-01 1.117485e-01 -9.951605e-01 6.234416e+00 7.086890e-01
7.800000e-01 1.738730e-01 -9.861176e-01 6.178307e+00 1.097983e+00
7.900000e-01 2.353142e-01 -9.731990e-01 6.097899e+00 1.483062e+00
8.000000e-01 2.958305e-01 -9.564545e-01 5.993495e+00 1.862408e+00
8.100000e-01 3.551835e-01 -9.359490e-01 5.865495e+00 2.234524e+00
8.200000e-01 4.131396e-01 -9.117622e-01 5.714390e+00 2.597942e+00
8.300000e-01 4.694704e-01 -8.839884e-01 5.540765e+00 2.951224e+00
8.400000e-01 5.239539e-01 -8.527361e-01 5.345295e+00 3.292974e+00
8.500000e-01 5.763753e-01 -8.181273e-01 5.128740e+00 3.621838e+00
8.600000e-01 6.265276e-01 -7.802978e-01 4.891945e+00 3.936513e+00
8.700000e-01 6.742129e-01 -7.393956e-01 4.635837e+00 4.235750e+00
8.800000e-01 7.192429e-01 -6.955814e-01 4.361420e+00 4.518361e+00
8.900000e-01 7.614399e-01 -6.490271e-01 4.069771e+00 4.783224e+00
9.000000e-01 8.006369e-01 -5.999157e-01 3.762038e+00 5.029285e+00
9.100000e-01 8.366790e-01 -5.484403e-01 3.439430e+00 5.255565e+00
9.200000e-01 8.694238e-01 -4.948034e-01 3.103220e+00 5.461164e+00
9.300000e-01 8.987417e-01 -4.392161e-01 2.754735e+00 5.645263e+00
9.400000e-01 9.245167e-01 -3.818973e-01 2.395349e+00 5.807127e+00
9.500000e-01 9.466469e-01 -3.230729e-01 2.026484e+00 5.946112e+00
9.600000e-01 9.650446e-01 -2.629745e-01 1.649598e+00 6.061663e+00
9.700000e-01 9.796369e-01 -2.018392e-01 1.266181e+00 6.153319e+00
9.800000e-01 9.903663e-01 -1.399078e-01 8.777517e-01 6.220714e+00
9.900000e-01 9.971901e-01 -7.742468e-02 4.858473e-01 6.263580e+00
1.000000e+00 1.000081e+00 -1.463614e-02 9.201975e-02 6.281745e+00
