0.00000 0.00000 0.00000 1.00000 2.00000
0.01000 0.01000 0.02000 1.00000 2.00000
0.02000 0.02000 0.04000 1.00000 2.00000
0.03000 0.03000 0.06000 1.00000 2.00000
0.04000 0.04000 0.08000 1.00000 2.00000
0.05000 0.05000 0.10000 0.99999 1.99999
0.06000 0.06000 0.12000 0.99997 1.99999
0.07000 0.07000 0.14000 0.99995 1.99998
0.08000 0.08000 0.16000 0.99992 1.99996
0.09000 0.09000 0.18000 0.99987 1.99993
0.10000 0.10000 0.20000 0.99980 1.99990
0.11000 0.10999 0.22000 0.99971 1.99985
0.12000 0.11999 0.24000 0.99959 1.99979
0.13000 0.12999 0.25999 0.99943 1.99972
0.14000 0.13998 0.27999 0.99923 1.99962
0.15000 0.14997 0.29999 0.99899 1.99949
0.16000 0.15996 0.31998 0.99869 1.99935
0.17000 0.16994 0.33997 0.99833 1.99917
0.18000 0.17993 0.35996 0.99790 1.99895
0.19000 0.18990 0.37995 0.99740 1.99870
0.20000 0.19987 0.39994 0.99681 1.99840
0.21000 0.20984 0.41992 0.99612 1.99806
0.22000 0.21980 0.43990 0.99532 1.99766
0.23000 0.22974 0.45987 0.99441 1.99721
0.24000 0.23968 0.47984 0.99338 1.99669
0.25000 0.24961 0.49981 0.99220 1.99610
0.26000 0.25953 0.51976 0.99088 1.99544
0.27000 0.26943 0.53971 0.98940 1.99470
0.28000 0.27932 0.55966 0.98774 1.99387
0.29000 0.28918 0.57959 0.98589 1.99295
0.30000 0.29903 0.59952 0.98385 1.99193
0.31000 0.30886 0.61943 0.98159 1.99081
0.32000 0.31867 0.63933 0.97910 1.98957
0.33000 0.32844 0.65922 0.97638 1.98821
0.34000 0.33819 0.67910 0.97339 1.98672
0.35000 0.34791 0.69896 0.97013 1.98510
0.36000 0.35760 0.71880 0.96659 1.98334
0.37000 0.36724 0.73862 0.96274 1.98142
0.38000 0.37685 0.75843 0.95857 1.97935
0.39000 0.38641 0.77821 0.95406 1.97711
0.40000 0.39593 0.79797 0.94920 1.97470
0.41000 0.40540 0.81770 0.94397 1.97210
0.42000 0.41481 0.83741 0.93836 1.96932
0.43000 0.42417 0.85709 0.93233 1.96634
0.44000 0.43346 0.87674 0.92589 1.96315
0.45000 0.44268 0.89635 0.91900 1.95975
0.46000 0.45184 0.91593 0.91166 1.95612
0.47000 0.46092 0.93548 0.90383 1.95227
0.48000 0.46991 0.95498 0.89552 1.94817
0.49000 0.47883 0.97444 0.88669 1.94383
0.50000 0.48765 0.99386 0.87733 1.93923
0.51000 0.49637 1.01322 0.86742 1.93437
0.52000 0.50500 1.03254 0.85694 1.92924
0.53000 0.51351 1.05181 0.84587 1.92384
0.54000 0.52191 1.07102 0.83421 1.91815
0.55000 0.53020 1.09017 0.82192 1.91216
0.56000 0.53835 1.10926 0.80900 1.90589
0.57000 0.54638 1.12829 0.79542 1.89930
0.58000 0.55426 1.14725 0.78117 1.89241
0.59000 0.56200 1.16614 0.76623 1.88520
0.60000 0.56959 1.18495 0.75059 1.87768
0.61000 0.57701 1.20369 0.73424 1.86982
0.62000 0.58427 1.22235 0.71715 1.86164
0.63000 0.59135 1.24092 0.69931 1.85313
0.64000 0.59826 1.25941 0.68072 1.84428
0.65000 0.60497 1.27781 0.66135 1.83510
0.66000 0.61148 1.29611 0.64120 1.82557
0.67000 0.61779 1.31432 0.62026 1.81571
0.68000 0.62389 1.33243 0.59851 1.80551
0.69000 0.62976 1.35043 0.57595 1.79496
0.70000 0.63541 1.36833 0.55257 1.78408
0.71000 0.64081 1.38611 0.52836 1.77286
0.72000 0.64597 1.40379 0.50331 1.76131
0.73000 0.65088 1.42134 0.47743 1.74943
0.74000 0.65552 1.43877 0.45071 1.73723
0.75000 0.65989 1.45608 0.42315 1.72470
0.76000 0.66399 1.47327 0.39474 1.71186
0.77000 0.66779 1.49032 0.36550 1.69872
0.78000 0.67130 1.50724 0.33541 1.68528
0.79000 0.67450 1.52403 0.30449 1.67155
0.80000 0.67739 1.54067 0.27274 1.65754
0.81000 0.67995 1.55718 0.24017 1.64327
0.82000 0.68219 1.57354 0.20679 1.62874
0.83000 0.68409 1.58975 0.17261 1.61398
0.84000 0.68564 1.60582 0.13763 1.59898
0.85000 0.68684 1.62173 0.10188 1.58378
0.86000 0.68768 1.63749 0.06537 1.56838
0.87000 0.68815 1.65310 0.02812 1.55281
0.88000 0.68824 1.66855 -0.00985 1.53707
0.89000 0.68795 1.68384 -0.04852 1.52119
0.90000 0.68727 1.69897 -0.08787 1.50519
0.91000 0.68619 1.71395 -0.12788 1.48909
0.92000 0.68471 1.72876 -0.16850 1.47291
0.93000 0.68282 1.74340 -0.20973 1.45667
0.94000 0.68052 1.75789 -0.25152 1.44040
0.95000 0.67779 1.77221 -0.29385 1.42411
0.96000 0.67464 1.78637 -0.33667 1.40783
0.97000 0.67106 1.80037 -0.37996 1.39159
0.98000 0.66704 1.81420 -0.42368 1.37540
0.99000 0.66259 1.82788 -0.46778 1.35930
1.00000 0.65769 1.84139 -0.51223 1.34330
1.01000 0.65234 1.85474 -0.55698 1.32744
1.02000 0.64655 1.86794 -0.60199 1.31173
1.03000 0.64030 1.88098 -0.64721 1.29621
1.04000 0.63360 1.89386 -0.69261 1.28089
1.05000 0.62645 1.90660 -0.73811 1.26579
1.06000 0.61884 1.91918 -0.78369 1.25096
1.07000 0.61078 1.93161 -0.82929 1.23640
1.08000 0.60226 1.94391 -0.87484 1.22213
1.09000 0.59328 1.95606 -0.92031 1.20819
1.10000 0.58385 1.96807 -0.96564 1.19459
1.11000 0.57397 1.97995 -1.01077 1.18136
1.12000 0.56364 1.99170 -1.05564 1.16850
1.13000 0.55286 2.00332 -1.10020 1.15605
1.14000 0.54163 2.01482 -1.14439 1.14401
1.15000 0.52997 2.02620 -1.18814 1.13240
1.16000 0.51787 2.03747 -1.23141 1.12124
1.17000 0.50534 2.04862 -1.27413 1.11054
1.18000 0.49239 2.05968 -1.31624 1.10031
1.19000 0.47901 2.07063 -1.35768 1.09057
1.20000 0.46523 2.08149 -1.39839 1.08131
1.21000 0.45105 2.09226 -1.43830 1.07254
1.22000 0.43647 2.10294 -1.47736 1.06428
1.23000 0.42150 2.11354 -1.51550 1.05652
1.24000 0.40616 2.12407 -1.55267 1.04925
1.25000 0.39045 2.13453 -1.58879 1.04250
1.26000 0.37438 2.14492 -1.62382 1.03623
1.27000 0.35797 2.15525 -1.65768 1.03047
1.28000 0.34123 2.16553 -1.69033 1.02518
1.29000 0.32416 2.17576 -1.72169 1.02037
1.30000 0.30679 2.18594 -1.75170 1.01603
1.31000 0.28913 2.19608 -1.78032 1.01214
1.32000 0.27119 2.20618 -1.80747 1.00868
1.33000 0.25298 2.21625 -1.83311 1.00564
1.34000 0.23453 2.22629 -1.85717 1.00300
1.35000 0.21584 2.23631 -1.87960 1.00074
1.36000 0.19693 2.24631 -1.90034 0.99883
1.37000 0.17783 2.25629 -1.91934 0.99725
1.38000 0.15855 2.26625 -1.93654 0.99597
1.39000 0.13910 2.27621 -1.95190 0.99496
1.40000 0.11951 2.28615 -1.96536 0.99420
1.41000 0.09979 2.29609 -1.97688 0.99364
1.42000 0.07997 2.30602 -1.98640 0.99327
1.43000 0.06007 2.31596 -1.99388 0.99305
1.44000 0.04009 2.32588 -1.99927 0.99293
1.45000 0.02008 2.33581 -2.00254 0.99289
1.46000 0.00004 2.34574 -2.00365 0.99288
1.47000 -0.01999 2.35567 -2.00255 0.99288
1.48000 -0.04001 2.36560 -1.99920 0.99284
1.49000 -0.05998 2.37553 -1.99358 0.99272
1.50000 -0.07988 2.38545 -1.98565 0.99248
1.51000 -0.09969 2.39538 -1.97539 0.99210
1.52000 -0.11939 2.40530 -1.96277 0.99152
1.53000 -0.13895 2.41521 -1.94775 0.99072
1.54000 -0.15834 2.42511 -1.93034 0.98965
1.55000 -0.17755 2.43500 -1.91050 0.98828
1.56000 -0.19655 2.44488 -1.88822 0.98657
1.57000 -0.21532 2.45473 -1.86349 0.98449
1.58000 -0.23382 2.46457 -1.83631 0.98201
1.59000 -0.25204 2.47437 -1.80667 0.97909
1.60000 -0.26995 2.48415 -1.77458 0.97571
1.61000 -0.28753 2.49389 -1.74003 0.97184
1.62000 -0.30476 2.50358 -1.70304 0.96745
1.63000 -0.32159 2.51324 -1.66362 0.96253
1.64000 -0.33803 2.52284 -1.62178 0.95705
1.65000 -0.35403 2.53238 -1.57755 0.95099
1.66000 -0.36958 2.54185 -1.53096 0.94435
1.67000 -0.38465 2.55126 -1.48203 0.93710
1.68000 -0.39922 2.56060 -1.43080 0.92924
1.69000 -0.41327 2.56985 -1.37732 0.92077
1.70000 -0.42677 2.57901 -1.32163 0.91168
1.71000 -0.43970 2.58808 -1.26377 0.90197
1.72000 -0.45204 2.59705 -1.20381 0.89166
1.73000 -0.46378 2.60592 -1.14181 0.88074
1.74000 -0.47488 2.61467 -1.07783 0.86924
1.75000 -0.48533 2.62330 -1.01195 0.85715
1.76000 -0.49512 2.63181 -0.94423 0.84452
1.77000 -0.50422 2.64019 -0.87477 0.83134
1.78000 -0.51261 2.64844 -0.80364 0.81766
1.79000 -0.52029 2.65654 -0.73094 0.80350
1.80000 -0.52723 2.66451 -0.65677 0.78890
1.81000 -0.53343 2.67232 -0.58121 0.77388
1.82000 -0.53886 2.67998 -0.50439 0.75848
1.83000 -0.54351 2.68749 -0.42640 0.74275
1.84000 -0.54739 2.69484 -0.34737 0.72672
1.85000 -0.55046 2.70203 -0.26739 0.71045
1.86000 -0.55273 2.70905 -0.18661 0.69397
1.87000 -0.55419 2.71591 -0.10513 0.67734
1.88000 -0.55484 2.72260 -0.02310 0.66061
1.89000 -0.55466 2.72912 0.05938 0.64382
1.90000 -0.55365 2.73547 0.14215 0.62702
1.91000 -0.55181 2.74166 0.22509 0.61028
1.92000 -0.54915 2.74768 0.30806 0.59363
1.93000 -0.54565 2.75353 0.39093 0.57713
1.94000 -0.54133 2.75922 0.47354 0.56084
1.95000 -0.53618 2.76475 0.55578 0.54479
1.96000 -0.53021 2.77012 0.63748 0.52904
1.97000 -0.52343 2.77533 0.71852 0.51364
1.98000 -0.51584 2.78039 0.79875 0.49863
1.99000 -0.50746 2.78530 0.87803 0.48404
2.00000 -0.49828 2.79007 0.95622 0.46993
2.01000 -0.48833 2.79470 1.03318 0.45633
2.02000 -0.47762 2.79920 1.10878 0.44327
2.03000 -0.46616 2.80357 1.18288 0.43079
2.04000 -0.45396 2.80781 1.25534 0.41890
2.05000 -0.44105 2.81194 1.32603 0.40764
2.06000 -0.42744 2.81597 1.39483 0.39702
2.07000 -0.41316 2.81988 1.46161 0.38705
2.08000 -0.39821 2.82371 1.52624 0.37776
2.09000 -0.38263 2.82744 1.58861 0.36914
2.10000 -0.36644 2.83109 1.64860 0.36119
2.11000 -0.34966 2.83466 1.70609 0.35392
2.12000 -0.33232 2.83817 1.76098 0.34732
2.13000 -0.31444 2.84161 1.81316 0.34138
2.14000 -0.29605 2.84500 1.86254 0.33607
2.15000 -0.27719 2.84833 1.90901 0.33139
2.16000 -0.25787 2.85162 1.95249 0.32731
2.17000 -0.23814 2.85488 1.99289 0.32380
2.18000 -0.21802 2.85810 2.03012 0.32082
2.19000 -0.19754 2.86129 2.06412 0.31835
2.20000 -0.17673 2.86447 2.09481 0.31634
2.21000 -0.15564 2.86762 2.12213 0.31476
2.22000 -0.13429 2.87076 2.14600 0.31355
2.23000 -0.11272 2.87389 2.16639 0.31267
2.24000 -0.09096 2.87702 2.18324 0.31208
2.25000 -0.06906 2.88013 2.19651 0.31171
2.26000 -0.04703 2.88325 2.20615 0.31151
2.27000 -0.02493 2.88636 2.21215 0.31144
2.28000 -0.00279 2.88948 2.21446 0.31143
2.29000 0.01936 2.89259 2.21308 0.31142
2.30000 0.04147 2.89571 2.20798 0.31137
2.31000 0.06351 2.89882 2.19916 0.31121
2.32000 0.08545 2.90193 2.18663 0.31089
2.33000 0.10725 2.90504 2.17038 0.31035
2.34000 0.12886 2.90814 2.15042 0.30954
2.35000 0.15026 2.91123 2.12678 0.30840
2.36000 0.17140 2.91431 2.09948 0.30690
2.37000 0.19225 2.91737 2.06855 0.30497
2.38000 0.21277 2.92040 2.03403 0.30257
2.39000 0.23293 2.92342 1.99596 0.29967
2.40000 0.25269 2.92640 1.95440 0.29622
2.41000 0.27201 2.92934 1.90940 0.29218
2.42000 0.29088 2.93224 1.86103 0.28753
2.43000 0.30924 2.93509 1.80936 0.28225
2.44000 0.32706 2.93789 1.75447 0.27630
2.45000 0.34433 2.94062 1.69645 0.26967
2.46000 0.36099 2.94328 1.63537 0.26234
2.47000 0.37703 2.94587 1.57136 0.25432
2.48000 0.39242 2.94837 1.50450 0.24559
2.49000 0.40712 2.95078 1.43490 0.23615
2.50000 0.42112 2.95309 1.36270 0.22602
2.51000 0.43438 2.95530 1.28801 0.21520
2.52000 0.44688 2.95739 1.21095 0.20371
2.53000 0.45860 2.95937 1.13167 0.19157
2.54000 0.46951 2.96122 1.05030 0.17881
2.55000 0.47960 2.96295 0.96698 0.16545
2.56000 0.48885 2.96453 0.88188 0.15154
2.57000 0.49724 2.96598 0.79513 0.13711
2.58000 0.50475 2.96728 0.70691 0.12221
2.59000 0.51138 2.96842 0.61736 0.10687
2.60000 0.51710 2.96941 0.52667 0.09116
2.61000 0.52191 2.97025 0.43498 0.07511
2.62000 0.52580 2.97092 0.34249 0.05879
2.63000 0.52876 2.97142 0.24935 0.04226
2.64000 0.53079 2.97176 0.15574 0.02556
2.65000 0.53188 2.97193 0.06184 0.00877
2.66000 0.53203 2.97194 -0.03217 -0.00807
2.67000 0.53124 2.97177 -0.12612 -0.02488
2.68000 0.52951 2.97144 -0.21983 -0.04161
2.69000 0.52684 2.97094 -0.31313 -0.05821
2.70000 0.52324 2.97028 -0.40584 -0.07460
2.71000 0.51872 2.96945 -0.49778 -0.09074
2.72000 0.51329 2.96846 -0.58879 -0.10656
2.73000 0.50695 2.96732 -0.67870 -0.12202
2.74000 0.49971 2.96602 -0.76734 -0.13707
2.75000 0.49160 2.96458 -0.85455 -0.15165
2.76000 0.48262 2.96299 -0.94017 -0.16573
2.77000 0.47280 2.96126 -1.02403 -0.17926
2.78000 0.46214 2.95940 -1.10601 -0.19221
2.79000 0.45068 2.95742 -1.18594 -0.20454
2.80000 0.43842 2.95531 -1.26368 -0.21624
2.81000 0.42541 2.95309 -1.33910 -0.22727
2.82000 0.41164 2.95077 -1.41208 -0.23762
2.83000 0.39716 2.94834 -1.48248 -0.24728
2.84000 0.38199 2.94582 -1.55018 -0.25623
2.85000 0.36616 2.94322 -1.61507 -0.26448
2.86000 0.34969 2.94053 -1.67706 -0.27202
2.87000 0.33262 2.93778 -1.73603 -0.27887
2.88000 0.31497 2.93495 -1.79189 -0.28504
2.89000 0.29678 2.93208 -1.84456 -0.29053
2.90000 0.27808 2.92914 -1.89395 -0.29538
2.91000 0.25890 2.92617 -1.94000 -0.29960
2.92000 0.23928 2.92315 -1.98263 -0.30323
2.93000 0.21925 2.92010 -2.02179 -0.30631
2.94000 0.19885 2.91703 -2.05742 -0.30886
2.95000 0.17810 2.91393 -2.08947 -0.31093
2.96000 0.15706 2.91081 -2.11791 -0.31257
2.97000 0.13574 2.90767 -2.14271 -0.31382
2.98000 0.11420 2.90453 -2.16383 -0.31473
2.99000 0.09247 2.90138 -2.18125 -0.31535
3.00000 0.07058 2.89822 -2.19497 -0.31573
3.01000 0.04857 2.89506 -2.20497 -0.31594
3.02000 0.02648 2.89190 -2.21126 -0.31602
3.03000 0.00434 2.88874 -2.21383 -0.31604
3.04000 -0.01780 2.88558 -2.21271 -0.31604
3.05000 -0.03991 2.88242 -2.20791 -0.31609
3.06000 -0.06196 2.87926 -2.19945 -0.31624
3.07000 -0.08390 2.87610 -2.18737 -0.31654
3.08000 -0.10570 2.87293 -2.17170 -0.31706
3.09000 -0.12733 2.86976 -2.15248 -0.31784
3.10000 -0.14875 2.86657 -2.12976 -0.31893
3.11000 -0.16993 2.86338 -2.10359 -0.32039
3.12000 -0.19083 2.86017 -2.07403 -0.32225
3.13000 -0.21141 2.85693 -2.04115 -0.32457
3.14000 -0.23165 2.85368 -2.00502 -0.32737
3.15000 -0.25151 2.85039 -1.96570 -0.33070
3.16000 -0.27096 2.84706 -1.92328 -0.33459
3.17000 -0.28998 2.84369 -1.87785 -0.33907
3.18000 -0.30852 2.84028 -1.82949 -0.34417
3.19000 -0.32657 2.83681 -1.77830 -0.34990
3.20000 -0.34409 2.83328 -1.72438 -0.35628
3.21000 -0.36105 2.82969 -1.66782 -0.36332
3.22000 -0.37744 2.82602 -1.60874 -0.37104
3.23000 -0.39323 2.82226 -1.54725 -0.37943
3.24000 -0.40839 2.81843 -1.48346 -0.38850
3.25000 -0.42290 2.81449 -1.41749 -0.39824
3.26000 -0.43674 2.81046 -1.34947 -0.40864
3.27000 -0.44989 2.80632 -1.27951 -0.41969
3.28000 -0.46233 2.80207 -1.20775 -0.43137
3.29000 -0.47404 2.79769 -1.13431 -0.44365
3.30000 -0.48502 2.79320 -1.05933 -0.45652
3.31000 -0.49523 2.78856 -0.98295 -0.46993
3.32000 -0.50467 2.78380 -0.90530 -0.48387
3.33000 -0.51334 2.77889 -0.82652 -0.49830
3.34000 -0.52121 2.77383 -0.74674 -0.51317
3.35000 -0.52827 2.76862 -0.66611 -0.52844
3.36000 -0.53453 2.76326 -0.58477 -0.54407
3.37000 -0.53997 2.75774 -0.50285 -0.56002
3.38000 -0.54459 2.75206 -0.42051 -0.57624
3.39000 -0.54838 2.74622 -0.33787 -0.59267
3.40000 -0.55134 2.74021 -0.25508 -0.60927
3.41000 -0.55348 2.73403 -0.17227 -0.62599
3.42000 -0.55479 2.72769 -0.08959 -0.64277
3.43000 -0.55527 2.72118 -0.00716 -0.65957
3.44000 -0.55493 2.71450 0.07488 -0.67633
3.45000 -0.55377 2.70765 0.15640 -0.69301
3.46000 -0.55180 2.70064 0.23727 -0.70955
3.47000 -0.54903 2.69346 0.31738 -0.72590
3.48000 -0.54546 2.68612 0.39660 -0.74202
3.49000 -0.54110 2.67862 0.47481 -0.75787
3.50000 -0.53596 2.67096 0.55190 -0.77339
3.51000 -0.53006 2.66315 0.62775 -0.78856
3.52000 -0.52341 2.65519 0.70228 -0.80333
3.53000 -0.51601 2.64709 0.77536 -0.81766
3.54000 -0.50790 2.63884 0.84691 -0.83152
3.55000 -0.49908 2.63046 0.91683 -0.84489
3.56000 -0.48956 2.62194 0.98505 -0.85773
3.57000 -0.47938 2.61330 1.05146 -0.87003
3.58000 -0.46853 2.60454 1.11600 -0.88176
3.59000 -0.45706 2.59567 1.17860 -0.89290
3.60000 -0.44496 2.58668 1.23919 -0.90345
3.61000 -0.43227 2.57760 1.29770 -0.91339
3.62000 -0.41901 2.56841 1.35407 -0.92272
3.63000 -0.40519 2.55914 1.40827 -0.93144
3.64000 -0.39084 2.54979 1.46023 -0.93954
3.65000 -0.37599 2.54035 1.50992 -0.94702
3.66000 -0.36065 2.53085 1.55729 -0.95391
3.67000 -0.34484 2.52127 1.60233 -0.96020
3.68000 -0.32860 2.51164 1.64499 -0.96591
3.69000 -0.31194 2.50195 1.68525 -0.97105
3.70000 -0.29489 2.49222 1.72310 -0.97566
3.71000 -0.27748 2.48244 1.75853 -0.97973
3.72000 -0.25972 2.47263 1.79151 -0.98331
3.73000 -0.24165 2.46278 1.82205 -0.98641
3.74000 -0.22328 2.45290 1.85015 -0.98907
3.75000 -0.20465 2.44299 1.87580 -0.99131
3.76000 -0.18577 2.43307 1.89901 -0.99317
3.77000 -0.16667 2.42313 1.91980 -0.99468
3.78000 -0.14737 2.41318 1.93817 -0.99588
3.79000 -0.12790 2.40321 1.95414 -0.99679
3.80000 -0.10829 2.39324 1.96773 -0.99746
3.81000 -0.08855 2.38326 1.97896 -0.99792
3.82000 -0.06871 2.37328 1.98785 -0.99822
3.83000 -0.04879 2.36330 1.99445 -0.99838
3.84000 -0.02882 2.35332 1.99876 -0.99845
3.85000 -0.00882 2.34333 2.00084 -0.99847
3.86000 0.01120 2.33335 2.00071 -0.99847
3.87000 0.03120 2.32336 1.99841 -0.99849
3.88000 0.05117 2.31338 1.99398 -0.99857
3.89000 0.07108 2.30339 1.98747 -0.99874
3.90000 0.09091 2.29340 1.97891 -0.99904
3.91000 0.11066 2.28341 1.96835 -0.99951
3.92000 0.13028 2.27341 1.95584 -1.00017
3.93000 0.14977 2.26341 1.94143 -1.00106
3.94000 0.16911 2.25339 1.92516 -1.00221
3.95000 0.18828 2.24336 1.90709 -1.00364
3.96000 0.20725 2.23332 1.88727 -1.00539
3.97000 0.22602 2.22325 1.86575 -1.00749
3.98000 0.24457 2.21317 1.84259 -1.00994
3.99000 0.26287 2.20305 1.81784 -1.01279
4.00000 0.28092 2.19291 1.79156 -1.01604
4.01000 0.29870 2.18273 1.76381 -1.01972
4.02000 0.31620 2.17252 1.73464 -1.02384
4.03000 0.33340 2.16226 1.70412 -1.02841
4.04000 0.35028 2.15195 1.67230 -1.03345
4.05000 0.36684 2.14159 1.63924 -1.03898
4.06000 0.38307 2.13117 1.60501 -1.04499
4.07000 0.39894 2.12069 1.56966 -1.05149
4.08000 0.41446 2.11014 1.53325 -1.05849
4.09000 0.42961 2.09952 1.49584 -1.06599
4.10000 0.44438 2.08882 1.45751 -1.07399
4.11000 0.45876 2.07804 1.41830 -1.08250
4.12000 0.47274 2.06717 1.37827 -1.09149
4.13000 0.48633 2.05621 1.33750 -1.10098
4.14000 0.49949 2.04515 1.29603 -1.11095
4.15000 0.51225 2.03399 1.25393 -1.12139
4.16000 0.52457 2.02272 1.21127 -1.13230
4.17000 0.53647 2.01134 1.16809 -1.14365
4.18000 0.54794 1.99985 1.12446 -1.15545
4.19000 0.55896 1.98824 1.08044 -1.16767
4.20000 0.56954 1.97650 1.03608 -1.18030
4.21000 0.57968 1.96463 0.99144 -1.19332
4.22000 0.58937 1.95263 0.94659 -1.20671
4.23000 0.59861 1.94049 0.90156 -1.22045
4.24000 0.60740 1.92822 0.85643 -1.23452
4.25000 0.61574 1.91580 0.81123 -1.24891
4.26000 0.62363 1.90324 0.76603 -1.26358
4.27000 0.63106 1.89053 0.72087 -1.27851
4.28000 0.63805 1.87767 0.67581 -1.29369
4.29000 0.64458 1.86466 0.63089 -1.30909
4.30000 0.65066 1.85149 0.58617 -1.32468
4.31000 0.65630 1.83817 0.54168 -1.34044
4.32000 0.66150 1.82468 0.49747 -1.35635
4.33000 0.66625 1.81104 0.45358 -1.37238
4.34000 0.67057 1.79723 0.41006 -1.38851
4.35000 0.67445 1.78327 0.36694 -1.40471
4.36000 0.67791 1.76914 0.32427 -1.42095
4.37000 0.68094 1.75485 0.28207 -1.43723
4.38000 0.68355 1.74040 0.24039 -1.45350
4.39000 0.68575 1.72578 0.19925 -1.46975
4.40000 0.68754 1.71100 0.15869 -1.48596
4.41000 0.68892 1.69606 0.11874 -1.50211
4.42000 0.68991 1.68096 0.07942 -1.51816
4.43000 0.69051 1.66570 0.04076 -1.53411
4.44000 0.69073 1.65028 0.00279 -1.54993
4.45000 0.69057 1.63470 -0.03448 -1.56560
4.46000 0.69004 1.61896 -0.07103 -1.58111
4.47000 0.68915 1.60308 -0.10683 -1.59644
4.48000 0.68790 1.58704 -0.14187 -1.61157
4.49000 0.68631 1.57085 -0.17614 -1.62648
4.50000 0.68438 1.55451 -0.20961 -1.64116
4.51000 0.68212 1.53802 -0.24229 -1.65560
4.52000 0.67953 1.52139 -0.27416 -1.66979
4.53000 0.67663 1.50463 -0.30521 -1.68371
4.54000 0.67343 1.48772 -0.33544 -1.69734
4.55000 0.66992 1.47068 -0.36483 -1.71069
4.56000 0.66613 1.45351 -0.39340 -1.72375
4.57000 0.66206 1.43620 -0.42113 -1.73649
4.58000 0.65771 1.41878 -0.44803 -1.74893
4.59000 0.65310 1.40123 -0.47409 -1.76104
4.60000 0.64823 1.38356 -0.49933 -1.77284
4.61000 0.64311 1.36577 -0.52373 -1.78430
4.62000 0.63775 1.34787 -0.54731 -1.79543
4.63000 0.63216 1.32986 -0.57008 -1.80623
4.64000 0.62635 1.31175 -0.59204 -1.81669
4.65000 0.62032 1.29353 -0.61320 -1.82682
4.66000 0.61409 1.27521 -0.63356 -1.83660
4.67000 0.60765 1.25679 -0.65315 -1.84605
4.68000 0.60102 1.23829 -0.67196 -1.85517
4.69000 0.59421 1.21969 -0.69001 -1.86395
4.70000 0.58722 1.20101 -0.70732 -1.87240
4.71000 0.58006 1.18224 -0.72390 -1.88052
4.72000 0.57274 1.16340 -0.73976 -1.88831
4.73000 0.56527 1.14448 -0.75491 -1.89578
4.74000 0.55765 1.12548 -0.76938 -1.90294
4.75000 0.54988 1.10642 -0.78317 -1.90979
4.76000 0.54198 1.08729 -0.79631 -1.91633
4.77000 0.53396 1.06809 -0.80881 -1.92256
4.78000 0.52581 1.04884 -0.82068 -1.92851
4.79000 0.51754 1.02952 -0.83195 -1.93417
4.80000 0.50917 1.01015 -0.84263 -1.93954
4.81000 0.50069 0.99073 -0.85274 -1.94464
4.82000 0.49211 0.97126 -0.86229 -1.94948
4.83000 0.48344 0.95174 -0.87131 -1.95405
4.84000 0.47469 0.93218 -0.87981 -1.95838
4.85000 0.46585 0.91257 -0.88782 -1.96246
4.86000 0.45693 0.89293 -0.89534 -1.96630
4.87000 0.44794 0.87325 -0.90239 -1.96992
4.88000 0.43888 0.85353 -0.90901 -1.97331
4.89000 0.42976 0.83378 -0.91519 -1.97650
4.90000 0.42058 0.81400 -0.92096 -1.97948
4.91000 0.41134 0.79419 -0.92634 -1.98226
4.92000 0.40205 0.77436 -0.93134 -1.98485
4.93000 0.39271 0.75449 -0.93599 -1.98727
4.94000 0.38333 0.73461 -0.94029 -1.98951
4.95000 0.37391 0.71470 -0.94427 -1.99159
4.96000 0.36445 0.69478 -0.94793 -1.99351
4.97000 0.35495 0.67483 -0.95131 -1.99528
4.98000 0.34542 0.65487 -0.95440 -1.99691
4.99000 0.33586 0.63490 -0.95724 -1.99841
5.00000 0.32628 0.61490 -0.95982 -1.99978
5.01000 0.31666 0.59490 -0.96218 -2.00103
5.02000 0.30703 0.57488 -0.96431 -2.00217
5.03000 0.29738 0.55486 -0.96624 -2.00320
5.04000 0.28771 0.53482 -0.96797 -2.00413
5.05000 0.27802 0.51477 -0.96953 -2.00497
5.06000 0.26832 0.49472 -0.97092 -2.00572
5.07000 0.25860 0.47466 -0.97216 -2.00640
5.08000 0.24887 0.45459 -0.97326 -2.00699
5.09000 0.23914 0.43452 -0.97422 -2.00752
5.10000 0.22939 0.41444 -0.97507 -2.00799
5.11000 0.21963 0.39436 -0.97580 -2.00840
5.12000 0.20987 0.37427 -0.97644 -2.00875
5.13000 0.20011 0.35419 -0.97698 -2.00906
5.14000 0.19033 0.33409 -0.97744 -2.00932
5.15000 0.18056 0.31400 -0.97783 -2.00954
5.16000 0.17078 0.29390 -0.97816 -2.00973
5.17000 0.16099 0.27380 -0.97842 -2.00989
5.18000 0.15121 0.25370 -0.97864 -2.01002
5.19000 0.14142 0.23360 -0.97881 -2.01012
5.20000 0.13163 0.21350 -0.97895 -2.01020
5.21000 0.12184 0.19340 -0.97906 -2.01027
5.22000 0.11205 0.17330 -0.97913 -2.01032
5.23000 0.10226 0.15319 -0.97919 -2.01036
5.24000 0.09247 0.13309 -0.97923 -2.01038
5.25000 0.08267 0.11299 -0.97926 -2.01040
5.26000 0.07288 0.09288 -0.97927 -2.01041
5.27000 0.06309 0.07278 -0.97928 -2.01042
5.28000 0.05330 0.05267 -0.97929 -2.01043
5.29000 0.04350 0.03257 -0.97929 -2.01043
5.30000 0.03371 0.01246 -0.97929 -2.01043
5.31000 0.02392 -0.00764 -0.97929 -2.01043
5.32000 0.01412 -0.02774 -0.97929 -2.01043
5.33000 0.00433 -0.04785 -0.97929 -2.01043
5.34000 -0.00546 -0.06795 -0.97929 -2.01043
5.35000 -0.01525 -0.08806 -0.97929 -2.01043
5.36000 -0.02505 -0.10816 -0.97929 -2.01043
5.37000 -0.03484 -0.12827 -0.97928 -2.01043
5.38000 -0.04463 -0.14837 -0.97926 -2.01042
5.39000 -0.05443 -0.16847 -0.97924 -2.01041
5.40000 -0.06422 -0.18858 -0.97920 -2.01040
5.41000 -0.07401 -0.20868 -0.97914 -2.01038
5.42000 -0.08380 -0.22879 -0.97907 -2.01036
5.43000 -0.09359 -0.24889 -0.97897 -2.01032
5.44000 -0.10338 -0.26899 -0.97884 -2.01027
5.45000 -0.11317 -0.28909 -0.97867 -2.01020
5.46000 -0.12295 -0.30920 -0.97846 -2.01012
5.47000 -0.13274 -0.32930 -0.97820 -2.01001
5.48000 -0.14252 -0.34940 -0.97788 -2.00989
5.49000 -0.15229 -0.36949 -0.97750 -2.00973
5.50000 -0.16207 -0.38959 -0.97704 -2.00954
5.51000 -0.17183 -0.40968 -0.97651 -2.00932
5.52000 -0.18160 -0.42978 -0.97589 -2.00906
5.53000 -0.19135 -0.44987 -0.97517 -2.00875
5.54000 -0.20110 -0.46995 -0.97434 -2.00840
5.55000 -0.21084 -0.49003 -0.97339 -2.00799
5.56000 -0.22057 -0.51011 -0.97231 -2.00752
5.57000 -0.23029 -0.53018 -0.97109 -2.00700
5.58000 -0.23999 -0.55025 -0.96972 -2.00640
5.59000 -0.24968 -0.57031 -0.96818 -2.00573
5.60000 -0.25935 -0.59037 -0.96647 -2.00497
5.61000 -0.26901 -0.61041 -0.96456 -2.00414
5.62000 -0.27864 -0.63045 -0.96245 -2.00321
5.63000 -0.28826 -0.65048 -0.96013 -2.00218
5.64000 -0.29785 -0.67049 -0.95757 -2.00104
5.65000 -0.30741 -0.69050 -0.95477 -1.99980
5.66000 -0.31694 -0.71049 -0.95170 -1.99843
5.67000 -0.32644 -0.73047 -0.94836 -1.99694
5.68000 -0.33591 -0.75043 -0.94473 -1.99531
5.69000 -0.34534 -0.77037 -0.94079 -1.99355
5.70000 -0.35473 -0.79030 -0.93653 -1.99164
5.71000 -0.36407 -0.81020 -0.93193 -1.98957
5.72000 -0.37336 -0.83009 -0.92697 -1.98734
5.73000 -0.38261 -0.84995 -0.92163 -1.98494
5.74000 -0.39180 -0.86979 -0.91591 -1.98236
5.75000 -0.40093 -0.88960 -0.90977 -1.97960
5.76000 -0.40999 -0.90938 -0.90321 -1.97664
5.77000 -0.41899 -0.92913 -0.89620 -1.97348
5.78000 -0.42792 -0.94885 -0.88874 -1.97011
5.79000 -0.43677 -0.96853 -0.88079 -1.96653
5.80000 -0.44553 -0.98818 -0.87234 -1.96272
5.81000 -0.45421 -1.00779 -0.86338 -1.95868
5.82000 -0.46280 -1.02735 -0.85388 -1.95440
5.83000 -0.47129 -1.04688 -0.84384 -1.94988
5.84000 -0.47968 -1.06635 -0.83322 -1.94510
5.85000 -0.48795 -1.08578 -0.82201 -1.94006
5.86000 -0.49612 -1.10515 -0.81020 -1.93475
5.87000 -0.50416 -1.12447 -0.79777 -1.92918
5.88000 -0.51207 -1.14374 -0.78470 -1.92332
5.89000 -0.51985 -1.16294 -0.77097 -1.91718
5.90000 -0.52749 -1.18208 -0.75657 -1.91075
5.91000 -0.53498 -1.20115 -0.74148 -1.90402
5.92000 -0.54232 -1.22016 -0.72569 -1.89699
5.93000 -0.54950 -1.23909 -0.70918 -1.88966
5.94000 -0.55650 -1.25795 -0.69194 -1.88203
5.95000 -0.56334 -1.27673 -0.67395 -1.87408
5.96000 -0.56998 -1.29543 -0.65520 -1.86582
5.97000 -0.57644 -1.31405 -0.63569 -1.85724
5.98000 -0.58270 -1.33258 -0.61538 -1.84835
5.99000 -0.58875 -1.35102 -0.59429 -1.83914
6.00000 -0.59458 -1.36936 -0.57240 -1.82962
6.01000 -0.60020 -1.38761 -0.54969 -1.81977
6.02000 -0.60558 -1.40576 -0.52616 -1.80962
6.03000 -0.61072 -1.42380 -0.50182 -1.79915
6.04000 -0.61561 -1.44174 -0.47664 -1.78838
6.05000 -0.62025 -1.45957 -0.45063 -1.77730
6.06000 -0.62463 -1.47729 -0.42378 -1.76591
6.07000 -0.62873 -1.49489 -0.39610 -1.75424
6.08000 -0.63255 -1.51237 -0.36758 -1.74228
6.09000 -0.63608 -1.52973 -0.33822 -1.73003
6.10000 -0.63931 -1.54697 -0.30803 -1.71752
6.11000 -0.64224 -1.56408 -0.27702 -1.70474
6.12000 -0.64485 -1.58107 -0.24518 -1.69171
6.13000 -0.64714 -1.59792 -0.21254 -1.67844
6.14000 -0.64910 -1.61464 -0.17909 -1.66494
6.15000 -0.65073 -1.63122 -0.14484 -1.65123
6.16000 -0.65200 -1.64766 -0.10982 -1.63731
6.17000 -0.65292 -1.66396 -0.07404 -1.62321
6.18000 -0.65348 -1.68013 -0.03751 -1.60894
6.19000 -0.65367 -1.69614 -0.00025 -1.59451
6.20000 -0.65349 -1.71202 0.03771 -1.57995
6.21000 -0.65292 -1.72774 0.07636 -1.56527
6.22000 -0.65196 -1.74332 0.11568 -1.55049
6.23000 -0.65060 -1.75875 0.15562 -1.53563
6.24000 -0.64885 -1.77403 0.19617 -1.52071
6.25000 -0.64668 -1.78917 0.23730 -1.50576
6.26000 -0.64410 -1.80415 0.27898 -1.49078
6.27000 -0.64110 -1.81898 0.32117 -1.47582
6.28000 -0.63768 -1.83367 0.36383 -1.46088
6.29000 -0.63382 -1.84820 0.40693 -1.44599
6.30000 -0.62954 -1.86259 0.45043 -1.43118
6.31000 -0.62482 -1.87682 0.49429 -1.41647
6.32000 -0.61965 -1.89091 0.53846 -1.40187
6.33000 -0.61405 -1.90486 0.58291 -1.38742
6.34000 -0.60800 -1.91866 0.62758 -1.37314
6.35000 -0.60150 -1.93232 0.67244 -1.35905
6.36000 -0.59455 -1.94584 0.71742 -1.34518
6.37000 -0.58715 -1.95923 0.76248 -1.33154
6.38000 -0.57930 -1.97248 0.80757 -1.31816
6.39000 -0.57100 -1.98559 0.85263 -1.30506
6.40000 -0.56224 -1.99858 0.89761 -1.29227
6.41000 -0.55304 -2.01144 0.94246 -1.27979
6.42000 -0.54340 -2.02417 0.98711 -1.26766
6.43000 -0.53330 -2.03679 1.03151 -1.25588
6.44000 -0.52277 -2.04929 1.07560 -1.24449
6.45000 -0.51179 -2.06168 1.11932 -1.23348
6.46000 -0.50038 -2.07396 1.16261 -1.22288
6.47000 -0.48854 -2.08614 1.20541 -1.21271
6.48000 -0.47627 -2.09821 1.24765 -1.20297
6.49000 -0.46359 -2.11020 1.28927 -1.19367
6.50000 -0.45049 -2.12209 1.33022 -1.18482
6.51000 -0.43698 -2.13389 1.37041 -1.17644
6.52000 -0.42308 -2.14562 1.40980 -1.16852
6.53000 -0.40879 -2.15726 1.44832 -1.16107
6.54000 -0.39411 -2.16884 1.48589 -1.15410
6.55000 -0.37907 -2.18034 1.52246 -1.14760
6.56000 -0.36366 -2.19179 1.55797 -1.14156
6.57000 -0.34791 -2.20318 1.59234 -1.13600
6.58000 -0.33182 -2.21451 1.62551 -1.13089
6.59000 -0.31540 -2.22579 1.65742 -1.12624
6.60000 -0.29867 -2.23703 1.68800 -1.12203
6.61000 -0.28164 -2.24823 1.71720 -1.11825
6.62000 -0.26432 -2.25940 1.74494 -1.11489
6.63000 -0.24674 -2.27053 1.77116 -1.11193
6.64000 -0.22890 -2.28164 1.79581 -1.10936
6.65000 -0.21082 -2.29272 1.81882 -1.10714
6.66000 -0.19252 -2.30378 1.84013 -1.10527
6.67000 -0.17402 -2.31482 1.85968 -1.10372
6.68000 -0.15533 -2.32586 1.87742 -1.10246
6.69000 -0.13647 -2.33687 1.89328 -1.10147
6.70000 -0.11747 -2.34788 1.90722 -1.10071
6.71000 -0.09833 -2.35889 1.91918 -1.10016
6.72000 -0.07908 -2.36989 1.92910 -1.09979
6.73000 -0.05975 -2.38088 1.93693 -1.09956
6.74000 -0.04034 -2.39188 1.94264 -1.09944
6.75000 -0.02089 -2.40287 1.94616 -1.09940
6.76000 -0.00142 -2.41387 1.94745 -1.09939
6.77000 0.01806 -2.42486 1.94648 -1.09939
6.78000 0.03751 -2.43585 1.94320 -1.09935
6.79000 0.05692 -2.44685 1.93757 -1.09924
6.80000 0.07626 -2.45784 1.92955 -1.09903
6.81000 0.09551 -2.46883 1.91913 -1.09866
6.82000 0.11464 -2.47981 1.90626 -1.09811
6.83000 0.13364 -2.49079 1.89092 -1.09735
6.84000 0.15246 -2.50176 1.87309 -1.09633
6.85000 0.17110 -2.51272 1.85274 -1.09501
6.86000 0.18952 -2.52366 1.82987 -1.09337
6.87000 0.20769 -2.53458 1.80445 -1.09138
6.88000 0.22561 -2.54549 1.77649 -1.08899
6.89000 0.24322 -2.55636 1.74597 -1.08619
6.90000 0.26052 -2.56721 1.71290 -1.08293
6.91000 0.27748 -2.57802 1.67728 -1.07921
6.92000 0.29407 -2.58880 1.63912 -1.07499
6.93000 0.31026 -2.59952 1.59844 -1.07025
6.94000 0.32604 -2.61020 1.55525 -1.06497
6.95000 0.34137 -2.62082 1.50958 -1.05914
6.96000 0.35623 -2.63138 1.46145 -1.05275
6.97000 0.37060 -2.64188 1.41090 -1.04578
6.98000 0.38445 -2.65230 1.35798 -1.03823
6.99000 0.39776 -2.66264 1.30272 -1.03009
7.00000 0.41050 -2.67290 1.24517 -1.02137
7.01000 0.42266 -2.68307 1.18540 -1.01207
7.02000 0.43421 -2.69314 1.12346 -1.00219
7.03000 0.44513 -2.70311 1.05942 -0.99175
7.04000 0.45540 -2.71298 0.99336 -0.98077
7.05000 0.46500 -2.72273 0.92534 -0.96925
7.06000 0.47391 -2.73236 0.85546 -0.95721
7.07000 0.48211 -2.74187 0.78381 -0.94470
7.08000 0.48958 -2.75126 0.71048 -0.93172
7.09000 0.49632 -2.76051 0.63558 -0.91832
7.10000 0.50230 -2.76962 0.55919 -0.90452
7.11000 0.50750 -2.77860 0.48145 -0.89036
7.12000 0.51193 -2.78743 0.40246 -0.87589
7.13000 0.51555 -2.79612 0.32235 -0.86114
7.14000 0.51837 -2.80465 0.24123 -0.84616
7.15000 0.52038 -2.81304 0.15925 -0.83100
7.16000 0.52156 -2.82127 0.07652 -0.81569
7.17000 0.52191 -2.82935 -0.00681 -0.80030
7.18000 0.52142 -2.83728 -0.09060 -0.78487
7.19000 0.52010 -2.84505 -0.17471 -0.76944
7.20000 0.51793 -2.85267 -0.25899 -0.75408
7.21000 0.51492 -2.86013 -0.34330 -0.73884
7.22000 0.51106 -2.86744 -0.42748 -0.72375
7.23000 0.50637 -2.87461 -0.51138 -0.70888
7.24000 0.50084 -2.88162 -0.59485 -0.69427
7.25000 0.49447 -2.88849 -0.67773 -0.67996
7.26000 0.48728 -2.89522 -0.75987 -0.66602
7.27000 0.47927 -2.90181 -0.84111 -0.65247
7.28000 0.47046 -2.90827 -0.92130 -0.63935
7.29000 0.46085 -2.91460 -1.00027 -0.62672
7.30000 0.45045 -2.92081 -1.07789 -0.61459
7.31000 0.43929 -2.92689 -1.15399 -0.60301
7.32000 0.42737 -2.93287 -1.22842 -0.59199
7.33000 0.41472 -2.93873 -1.30103 -0.58157
7.34000 0.40135 -2.94450 -1.37168 -0.57177
7.35000 0.38729 -2.95017 -1.44022 -0.56260
7.36000 0.37255 -2.95575 -1.50650 -0.55406
7.37000 0.35716 -2.96125 -1.57040 -0.54618
7.38000 0.34114 -2.96667 -1.63178 -0.53895
7.39000 0.32452 -2.97203 -1.69050 -0.53236
7.40000 0.30733 -2.97732 -1.74643 -0.52642
7.41000 0.28960 -2.98256 -1.79947 -0.52111
7.42000 0.27134 -2.98774 -1.84948 -0.51640
7.43000 0.25261 -2.99288 -1.89635 -0.51230
7.44000 0.23342 -2.99799 -1.93998 -0.50876
7.45000 0.21381 -3.00306 -1.98026 -0.50575
7.46000 0.19381 -3.00810 -2.01710 -0.50325
7.47000 0.17347 -3.01312 -2.05041 -0.50122
7.48000 0.15280 -3.01813 -2.08009 -0.49961
7.49000 0.13186 -3.02312 -2.10608 -0.49839
7.50000 0.11068 -3.02810 -2.12829 -0.49750
7.51000 0.08930 -3.03307 -2.14667 -0.49689
7.52000 0.06775 -3.03803 -2.16115 -0.49652
7.53000 0.04608 -3.04300 -2.17168 -0.49632
7.54000 0.02432 -3.04796 -2.17821 -0.49624
7.55000 0.00251 -3.05292 -2.18071 -0.49623
7.56000 -0.01930 -3.05788 -2.17914 -0.49623
7.57000 -0.04107 -3.06285 -2.17349 -0.49617
7.58000 -0.06277 -3.06781 -2.16373 -0.49601
7.59000 -0.08435 -3.07277 -2.14985 -0.49567
7.60000 -0.10576 -3.07772 -2.13187 -0.49512
7.61000 -0.12698 -3.08267 -2.10977 -0.49428
7.62000 -0.14796 -3.08761 -2.08359 -0.49312
7.63000 -0.16866 -3.09253 -2.05335 -0.49157
7.64000 -0.18903 -3.09744 -2.01907 -0.48958
7.65000 -0.20904 -3.10232 -1.98080 -0.48713
7.66000 -0.22864 -3.10718 -1.93859 -0.48415
7.67000 -0.24781 -3.11201 -1.89250 -0.48062
7.68000 -0.26649 -3.11679 -1.84259 -0.47649
7.69000 -0.28466 -3.12154 -1.78894 -0.47175
7.70000 -0.30227 -3.12623 -1.73164 -0.46637
7.71000 -0.31929 -3.13086 -1.67077 -0.46032
7.72000 -0.33569 -3.13543 -1.60644 -0.45359
7.73000 -0.35142 -3.13993 -1.53876 -0.44618
7.74000 -0.36646 -3.14436 -1.46785 -0.43807
7.75000 -0.38078 -3.14870 -1.39383 -0.42928
7.76000 -0.39434 -3.15294 -1.31684 -0.41980
7.77000 -0.40712 -3.15709 -1.23702 -0.40966
7.78000 -0.41908 -3.16114 -1.15453 -0.39887
7.79000 -0.43021 -3.16507 -1.06951 -0.38745
7.80000 -0.44047 -3.16889 -0.98214 -0.37543
7.81000 -0.44985 -3.17258 -0.89258 -0.36285
7.82000 -0.45832 -3.17614 -0.80102 -0.34975
7.83000 -0.46587 -3.17957 -0.70764 -0.33616
7.84000 -0.47248 -3.18287 -0.61263 -0.32214
7.85000 -0.47813 -3.18602 -0.51618 -0.30774
7.86000 -0.48280 -3.18902 -0.41850 -0.29301
7.87000 -0.48650 -3.19188 -0.31978 -0.27801
7.88000 -0.48920 -3.19458 -0.22024 -0.26279
7.89000 -0.49090 -3.19713 -0.12008 -0.24743
7.90000 -0.49160 -3.19953 -0.01952 -0.23197
7.91000 -0.49129 -3.20177 0.08122 -0.21650
7.92000 -0.48998 -3.20386 0.18193 -0.20106
7.93000 -0.48765 -3.20579 0.28240 -0.18573
7.94000 -0.48433 -3.20757 0.38240 -0.17057
7.95000 -0.48001 -3.20921 0.48172 -0.15563
7.96000 -0.47470 -3.21069 0.58014 -0.14099
7.97000 -0.46840 -3.21203 0.67746 -0.12669
7.98000 -0.46115 -3.21322 0.77345 -0.11280
7.99000 -0.45294 -3.21428 0.86791 -0.09936
8.00000 -0.44379 -3.21521 0.96063 -0.08642
8.01000 -0.43372 -3.21601 1.05141 -0.07403
8.02000 -0.42276 -3.21669 1.14006 -0.06222
8.03000 -0.41092 -3.21725 1.22639 -0.05102
8.04000 -0.39823 -3.21771 1.31020 -0.04048
8.05000 -0.38472 -3.21806 1.39132 -0.03061
8.06000 -0.37041 -3.21832 1.46957 -0.02142
8.07000 -0.35533 -3.21849 1.54478 -0.01294
8.08000 -0.33951 -3.21858 1.61680 -0.00516
8.09000 -0.32299 -3.21860 1.68547 0.00191
8.10000 -0.30580 -3.21854 1.75064 0.00828
8.11000 -0.28798 -3.21843 1.81218 0.01396
8.12000 -0.26956 -3.21826 1.86996 0.01897
8.13000 -0.25058 -3.21805 1.92386 0.02333
8.14000 -0.23108 -3.21780 1.97376 0.02706
8.15000 -0.21111 -3.21751 2.01957 0.03021
8.16000 -0.19069 -3.21719 2.06118 0.03281
8.17000 -0.16988 -3.21685 2.09852 0.03491
8.18000 -0.14872 -3.21649 2.13150 0.03654
8.19000 -0.12725 -3.21612 2.16007 0.03777
8.20000 -0.10552 -3.21574 2.18416 0.03864
8.21000 -0.08357 -3.21535 2.20372 0.03921
8.22000 -0.06145 -3.21495 2.21872 0.03955
8.23000 -0.03920 -3.21456 2.22913 0.03972
8.24000 -0.01686 -3.21416 2.23492 0.03977
8.25000 0.00550 -3.21376 2.23610 0.03977
8.26000 0.02786 -3.21336 2.23265 0.03979
8.27000 0.05016 -3.21297 2.22460 0.03988
8.28000 0.07235 -3.21257 2.21195 0.04013
8.29000 0.09439 -3.21216 2.19473 0.04057
8.30000 0.11624 -3.21176 2.17299 0.04129
8.31000 0.13785 -3.21134 2.14677 0.04232
8.32000 0.15918 -3.21091 2.11613 0.04374
8.33000 0.18018 -3.21046 2.08113 0.04559
8.34000 0.20080 -3.21000 2.04185 0.04792
8.35000 0.22101 -3.20950 1.99837 0.05078
8.36000 0.24077 -3.20898 1.95078 0.05421
8.37000 0.26003 -3.20842 1.89920 0.05824
8.38000 0.27875 -3.20782 1.84372 0.06290
8.39000 0.29690 -3.20716 1.78446 0.06822
8.40000 0.31444 -3.20645 1.72156 0.07422
8.41000 0.33134 -3.20568 1.65515 0.08091
8.42000 0.34755 -3.20483 1.58537 0.08830
8.43000 0.36304 -3.20391 1.51237 0.09640
8.44000 0.37779 -3.20291 1.43630 0.10520
8.45000 0.39177 -3.20181 1.35734 0.11469
8.46000 0.40494 -3.20061 1.27566 0.12486
8.47000 0.41728 -3.19931 1.19142 0.13569
8.48000 0.42877 -3.19790 1.10481 0.14715
8.49000 0.43938 -3.19637 1.01603 0.15921
8.50000 0.44909 -3.19471 0.92525 0.17183
8.51000 0.45789 -3.19293 0.83269 0.18498
8.52000 0.46575 -3.19102 0.73853 0.19861
8.53000 0.47266 -3.18896 0.64299 0.21267
8.54000 0.47861 -3.18676 0.54627 0.22711
8.55000 0.48358 -3.18442 0.44857 0.24187
8.56000 0.48758 -3.18192 0.35012 0.25690
8.57000 0.49059 -3.17928 0.25111 0.27213
8.58000 0.49260 -3.17648 0.15177 0.28751
8.59000 0.49362 -3.17353 0.05230 0.30296
8.60000 0.49365 -3.17042 -0.04709 0.31844
8.61000 0.49268 -3.16716 -0.14618 0.33387
8.62000 0.49072 -3.16375 -0.24477 0.34919
8.63000 0.48779 -3.16018 -0.34265 0.36434
8.64000 0.48387 -3.15646 -0.43963 0.37927
8.65000 0.47899 -3.15259 -0.53549 0.39390
8.66000 0.47316 -3.14858 -0.63006 0.40820
8.67000 0.46639 -3.14443 -0.72312 0.42210
8.68000 0.45870 -3.14014 -0.81452 0.43556
8.69000 0.45010 -3.13572 -0.90405 0.44853
8.70000 0.44062 -3.13117 -0.99155 0.46098
8.71000 0.43027 -3.12650 -1.07685 0.47285
8.72000 0.41908 -3.12171 -1.15979 0.48413
8.73000 0.40708 -3.11682 -1.24021 0.49479
8.74000 0.39428 -3.11182 -1.31798 0.50480
8.75000 0.38072 -3.10672 -1.39294 0.51414
8.76000 0.36642 -3.10153 -1.46497 0.52282
8.77000 0.35142 -3.09626 -1.53394 0.53081
8.78000 0.33574 -3.09092 -1.59973 0.53812
8.79000 0.31942 -3.08550 -1.66225 0.54475
8.80000 0.30250 -3.08002 -1.72138 0.55072
8.81000 0.28500 -3.07449 -1.77704 0.55604
8.82000 0.26696 -3.06890 -1.82915 0.56072
8.83000 0.24841 -3.06327 -1.87762 0.56480
8.84000 0.22941 -3.05761 -1.92240 0.56830
8.85000 0.20997 -3.05191 -1.96342 0.57125
8.86000 0.19014 -3.04618 -2.00063 0.57369
8.87000 0.16995 -3.04043 -2.03400 0.57566
8.88000 0.14946 -3.03467 -2.06348 0.57722
8.89000 0.12868 -3.02889 -2.08906 0.57839
8.90000 0.10768 -3.02310 -2.11072 0.57924
8.91000 0.08647 -3.01730 -2.12843 0.57981
8.92000 0.06511 -3.01150 -2.14222 0.58015
8.93000 0.04363 -3.00570 -2.15206 0.58033
8.94000 0.02207 -2.99990 -2.15799 0.58039
8.95000 0.00047 -2.99409 -2.16002 0.58040
8.96000 -0.02113 -2.98829 -2.15817 0.58041
8.97000 -0.04270 -2.98248 -2.15248 0.58047
8.98000 -0.06418 -2.97668 -2.14298 0.58064
8.99000 -0.08556 -2.97087 -2.12974 0.58097
9.00000 -0.10678 -2.96506 -2.11279 0.58152
9.01000 -0.12781 -2.95924 -2.09220 0.58234
9.02000 -0.14862 -2.95341 -2.06803 0.58347
9.03000 -0.16917 -2.94757 -2.04035 0.58496
9.04000 -0.18943 -2.94171 -2.00924 0.58686
9.05000 -0.20936 -2.93583 -1.97479 0.58919
9.06000 -0.22893 -2.92993 -1.93707 0.59201
9.07000 -0.24810 -2.92399 -1.89619 0.59535
9.08000 -0.26685 -2.91802 -1.85223 0.59922
9.09000 -0.28514 -2.91201 -1.80531 0.60367
9.10000 -0.30296 -2.90595 -1.75552 0.60870
9.11000 -0.32026 -2.89984 -1.70298 0.61434
9.12000 -0.33702 -2.89366 -1.64781 0.62061
9.13000 -0.35321 -2.88742 -1.59011 0.62750
9.14000 -0.36882 -2.88111 -1.53002 0.63502
9.15000 -0.38381 -2.87472 -1.46766 0.64318
9.16000 -0.39817 -2.86825 -1.40315 0.65197
9.17000 -0.41188 -2.86168 -1.33664 0.66137
9.18000 -0.42490 -2.85502 -1.26824 0.67139
9.19000 -0.43724 -2.84826 -1.19810 0.68199
9.20000 -0.44887 -2.84138 -1.12636 0.69317
9.21000 -0.45977 -2.83439 -1.05315 0.70490
9.22000 -0.46993 -2.82728 -0.97862 0.71714
9.23000 -0.47934 -2.82005 -0.90290 0.72987
9.24000 -0.48799 -2.81269 -0.82614 0.74306
9.25000 -0.49586 -2.80519 -0.74848 0.75667
9.26000 -0.50296 -2.79755 -0.67006 0.77065
9.27000 -0.50927 -2.78978 -0.59103 0.78497
9.28000 -0.51478 -2.78185 -0.51153 0.79959
9.29000 -0.51950 -2.77378 -0.43168 0.81446
9.30000 -0.52341 -2.76556 -0.35165 0.82954
9.31000 -0.52653 -2.75719 -0.27156 0.84477
9.32000 -0.52885 -2.74867 -0.19154 0.86011
9.33000 -0.53036 -2.73999 -0.11174 0.87552
9.34000 -0.53108 -2.73116 -0.03227 0.89094
9.35000 -0.53101 -2.72217 0.04672 0.90633
9.36000 -0.53015 -2.71303 0.12512 0.92164
9.37000 -0.52850 -2.70374 0.20281 0.93683
9.38000 -0.52609 -2.69430 0.27966 0.95185
9.39000 -0.52291 -2.68470 0.35557 0.96666
9.40000 -0.51898 -2.67496 0.43043 0.98122
9.41000 -0.51430 -2.66508 0.50412 0.99548
9.42000 -0.50890 -2.65505 0.57655 1.00941
9.43000 -0.50277 -2.64489 0.64762 1.02299
9.44000 -0.49594 -2.63459 0.71724 1.03616
9.45000 -0.48843 -2.62417 0.78532 1.04891
9.46000 -0.48024 -2.61362 0.85178 1.06120
9.47000 -0.47139 -2.60294 0.91654 1.07302
9.48000 -0.46191 -2.59216 0.97954 1.08434
9.49000 -0.45180 -2.58126 1.04070 1.09515
9.50000 -0.44109 -2.57025 1.09996 1.10542
9.51000 -0.42980 -2.55915 1.15726 1.11516
9.52000 -0.41795 -2.54795 1.21256 1.12434
9.53000 -0.40555 -2.53666 1.26580 1.13296
9.54000 -0.39263 -2.52529 1.31695 1.14103
9.55000 -0.37921 -2.51384 1.36597 1.14854
9.56000 -0.36531 -2.50232 1.41282 1.15550
9.57000 -0.35096 -2.49073 1.45748 1.16191
9.58000 -0.33616 -2.47908 1.49992 1.16778
9.59000 -0.32096 -2.46738 1.54013 1.17312
9.60000 -0.30536 -2.45562 1.57809 1.17795
9.61000 -0.28940 -2.44382 1.61379 1.18229
9.62000 -0.27309 -2.43197 1.64723 1.18614
9.63000 -0.25645 -2.42009 1.67841 1.18955
9.64000 -0.23952 -2.40818 1.70732 1.19252
9.65000 -0.22231 -2.39624 1.73398 1.19508
9.66000 -0.20484 -2.38428 1.75839 1.19726
9.67000 -0.18714 -2.37230 1.78057 1.19909
9.68000 -0.16923 -2.36030 1.80053 1.20060
9.69000 -0.15113 -2.34829 1.81829 1.20180
9.70000 -0.13286 -2.33626 1.83388 1.20275
9.71000 -0.11445 -2.32423 1.84731 1.20346
9.72000 -0.09592 -2.31219 1.85862 1.20398
9.73000 -0.07728 -2.30015 1.86783 1.20432
9.74000 -0.05856 -2.28811 1.87498 1.20453
9.75000 -0.03978 -2.27606 1.88011 1.20464
9.76000 -0.02096 -2.26401 1.88324 1.20469
9.77000 -0.00211 -2.25197 1.88441 1.20469
9.78000 0.01673 -2.23992 1.88368 1.20469
9.79000 0.03556 -2.22787 1.88107 1.20473
9.80000 0.05435 -2.21583 1.87663 1.20482
9.81000 0.07309 -2.20378 1.87040 1.20499
9.82000 0.09176 -2.19173 1.86244 1.20529
9.83000 0.11034 -2.17967 1.85278 1.20574
9.84000 0.12882 -2.16761 1.84148 1.20636
9.85000 0.14717 -2.15554 1.82858 1.20719
9.86000 0.16539 -2.14347 1.81414 1.20824
9.87000 0.18345 -2.13138 1.79820 1.20954
9.88000 0.20135 -2.11928 1.78081 1.21111
9.89000 0.21907 -2.10716 1.76203 1.21298
9.90000 0.23659 -2.09502 1.74191 1.21516
9.91000 0.25391 -2.08285 1.72050 1.21768
9.92000 0.27100 -2.07066 1.69786 1.22054
9.93000 0.28787 -2.05844 1.67403 1.22376
9.94000 0.30448 -2.04619 1.64908 1.22737
9.95000 0.32085 -2.03389 1.62305 1.23136
9.96000 0.33695 -2.02156 1.59599 1.23574
9.97000 0.35277 -2.00918 1.56797 1.24054
9.98000 0.36830 -1.99675 1.53904 1.24575
9.99000 0.38355 -1.98427 1.50924 1.25138
10.00000 0.39849 -1.97172 1.47864 1.25743
